[debug] [2023-10-17T11:04:19.022Z] ----------------------------------------------------------------------
[debug] [2023-10-17T11:04:19.024Z] Command:       C:\Program Files\nodejs\node.exe C:\Users\naila\AppData\Roaming\npm\node_modules\firebase-tools\lib\bin\firebase.js init
[debug] [2023-10-17T11:04:19.025Z] CLI Version:   12.4.7
[debug] [2023-10-17T11:04:19.025Z] Platform:      win32
[debug] [2023-10-17T11:04:19.025Z] Node Version:  v18.17.0
[debug] [2023-10-17T11:04:19.025Z] Time:          Tue Oct 17 2023 16:04:19 GMT+0500 (Pakistan Standard Time)
[debug] [2023-10-17T11:04:19.025Z] ----------------------------------------------------------------------
[debug] 
[debug] [2023-10-17T11:04:19.103Z] > command requires scopes: ["email","openid","https://www.googleapis.com/auth/cloudplatformprojects.readonly","https://www.googleapis.com/auth/firebase","https://www.googleapis.com/auth/cloud-platform"]
[debug] [2023-10-17T11:04:19.113Z] > authorizing via signed-in user (muhammadyousuf.d112@gmail.com)
[info] 
     ######## #### ########  ######## ########     ###     ######  ########
     ##        ##  ##     ## ##       ##     ##  ##   ##  ##       ##
     ######    ##  ########  ######   ########  #########  ######  ######
     ##        ##  ##    ##  ##       ##     ## ##     ##       ## ##
     ##       #### ##     ## ######## ########  ##     ##  ######  ########

You're about to initialize a Firebase project in this directory:

  C:\Users\naila

Before we get started, keep in mind:

  * You are initializing within an existing Firebase project directory

[info] 
=== Project Setup
[info] 
[info] First, let's associate this project directory with a Firebase project.
[info] You can create multiple project aliases by running firebase use --add, 
[info] but for now we'll just set up a default project.
[info] 
[debug] [2023-10-17T11:04:24.588Z] Using project from CLI flag: my-new-first-project-230bb
[debug] [2023-10-17T11:04:24.592Z] >>> [apiv2][query] GET https://firebase.googleapis.com/v1beta1/projects/my-new-first-project-230bb [none]
[debug] [2023-10-17T11:04:25.853Z] <<< [apiv2][status] GET https://firebase.googleapis.com/v1beta1/projects/my-new-first-project-230bb 403
[debug] [2023-10-17T11:04:25.853Z] <<< [apiv2][body] GET https://firebase.googleapis.com/v1beta1/projects/my-new-first-project-230bb {"error":{"code":403,"message":"The caller does not have permission","status":"PERMISSION_DENIED"}}
[debug] [2023-10-17T11:04:25.854Z] HTTP Error: 403, The caller does not have permission
[debug] [2023-10-17T11:04:26.375Z] FirebaseError: HTTP Error: 403, The caller does not have permission
    at responseToError (C:\Users\naila\AppData\Roaming\npm\node_modules\firebase-tools\lib\responseToError.js:49:12)
    at RetryOperation._fn (C:\Users\naila\AppData\Roaming\npm\node_modules\firebase-tools\lib\apiv2.js:285:77)
    at process.processTicksAndRejections (node:internal/process/task_queues:95:5)
[error] 
[error] Error: Failed to get Firebase project my-new-first-project-230bb. Please make sure the project exists and your account has permission to access it.
